#
# A fatal error has been detected by the Java Runtime Environment:
#
#  EXCEPTION_ACCESS_VIOLATION (0xc0000005) at pc=0x00007fff099cba3b, pid=4076, tid=5972
#
# JRE version: Java(TM) SE Runtime Environment (8.0_31-b13) (build 1.8.0_31-b13)
# Java VM: Java HotSpot(TM) 64-Bit Server VM (25.31-b07 mixed mode windows-amd64 compressed oops)
# Problematic frame:
# C  [ntdll.dll+0x2ba3b]
#
# Failed to write core dump. Minidumps are not enabled by default on client versions of Windows
#
# If you would like to submit a bug report, please visit:
#   http://bugreport.java.com/bugreport/crash.jsp
# The crash happened outside the Java Virtual Machine in native code.
# See problematic frame for where to report the bug.
#

---------------  T H R E A D  ---------------

Current thread (0x0000000019319800):  JavaThread "QuantumRenderer-0" daemon [_thread_in_native, id=5972, stack(0x0000000019610000,0x0000000019710000)]

siginfo: ExceptionCode=0xc0000005, writing address 0x0000000000000024

Registers:
RAX=0x0000000000000000, RBX=0x0000000019eaac10, RCX=0x0000000019eaac10, RDX=0xffffffffffffffff
RSP=0x000000001970ee20, RBP=0x00007ff716f34000, RSI=0x0000000000000000, RDI=0x0000000000000000
R8 =0x0000000000000000, R9 =0x000000000000001b, R10=0x00007fff09aa3ac0, R11=0x000000001970ed00
R12=0x0000000000000000, R13=0x000000001728ae58, R14=0x0000000000000003, R15=0x0000000000000000
RIP=0x00007fff099cba3b, EFLAGS=0x0000000000010213

Top of Stack: (sp=0x000000001970ee20)
0x000000001970ee20:   ffffffffffffffff 0000000019eaac10
0x000000001970ee30:   000000001b900600 00007ffee02e2bbe
0x000000001970ee40:   000000001b8c0070 0000000000000000
0x000000001970ee50:   000000000000bf00 00007ffefffffffa
0x000000001970ee60:   00007ff716f34000 000000001b907000
0x000000001970ee70:   0000000040000540 0000000040000540
0x000000001970ee80:   00000001400002c0 000000001970ef38
0x000000001970ee90:   0000000019e8aac0 0000000000000000
0x000000001970eea0:   0000498d645df5ea 0000000000000000
0x000000001970eeb0:   0000000000000000 0000000000000003
0x000000001970eec0:   000000001728ae58 0000000000000000
0x000000001970eed0:   0000000000000000 0000000019eaa900
0x000000001970eee0:   0000000000000001 00007fff099cb26b
0x000000001970eef0:   0000000019e88068 0000000040000500
0x000000001970ef00:   0000000019eaac10 0000000019e88068
0x000000001970ef10:   0000000000000000 00007fff099cb190 

Instructions: (pc=0x00007fff099cba3b)
0x00007fff099cba1b:   48 39 7b 18 0f 84 c0 00 00 00 48 83 3b ff 0f 84
0x00007fff099cba2b:   c3 00 00 00 48 8b 03 44 8b e7 48 83 f8 ff 74 03
0x00007fff099cba3b:   ff 40 24 4c 8b 6b 18 4c 8d 35 5f 46 11 00 33 ed
0x00007fff099cba4b:   b8 82 03 fe 7f 8a 08 84 c9 0f 85 9a 3d 07 00 49 


Register to memory mapping:

RAX=0x0000000000000000 is an unknown value
RBX=0x0000000019eaac10 is an unknown value
RCX=0x0000000019eaac10 is an unknown value
RDX=0xffffffffffffffff is an unknown value
RSP=0x000000001970ee20 is pointing into the stack for thread: 0x0000000019319800
RBP=0x00007ff716f34000 is an unknown value
RSI=0x0000000000000000 is an unknown value
RDI=0x0000000000000000 is an unknown value
R8 =0x0000000000000000 is an unknown value
R9 =0x000000000000001b is an unknown value
R10=0x00007fff09aa3ac0 is an unknown value
R11=0x000000001970ed00 is pointing into the stack for thread: 0x0000000019319800
R12=0x0000000000000000 is an unknown value
R13={method} {0x000000001728ae60} 'nDispose' '()V' in 'com/sun/prism/d3d/D3DPipeline'
R14=0x0000000000000003 is an unknown value
R15=0x0000000000000000 is an unknown value


Stack: [0x0000000019610000,0x0000000019710000],  sp=0x000000001970ee20,  free space=1019k
Native frames: (J=compiled Java code, j=interpreted, Vv=VM code, C=native code)
C  [ntdll.dll+0x2ba3b]
C  [ntdll.dll+0x2b26b]
C  [ntdll.dll+0x2b190]
C  [atiumd64.dll+0x59c30]
C  [atiumd64.dll+0x5a806]
C  [atiumd64.dll+0x1a9af]
C  [atiumd64.dll+0x1ee0]
C  [atiu9p64.dll+0x630d]
C  [d3d9.dll+0x41340]
C  [d3d9.dll+0x41160]
C  [d3d9.dll+0xae34]
C  [d3d9.dll+0x9084]
C  [d3d9.dll+0x23af4]
C  [prism_d3d.dll+0x31eb]
C  [prism_d3d.dll+0xafe4]
C  [prism_d3d.dll+0xb1f0]
C  [prism_d3d.dll+0x96d3]
C  0x0000000003073894

Java frames: (J=compiled Java code, j=interpreted, Vv=VM code)
j  com.sun.prism.d3d.D3DPipeline.nDispose()V+0
j  com.sun.prism.d3d.D3DPipeline.dispose()V+49
j  com.sun.javafx.tk.quantum.QuantumRenderer$PipelineRunnable.cleanup()V+9
j  com.sun.javafx.tk.quantum.QuantumRenderer$PipelineRunnable.run()V+14
j  java.lang.Thread.run()V+11
v  ~StubRoutines::call_stub

---------------  P R O C E S S  ---------------

Java Threads: ( => current thread )
  0x000000001c816800 JavaThread "Prism Font Disposer" daemon [_thread_blocked, id=896, stack(0x000000001e5a0000,0x000000001e6a0000)]
  0x0000000019370800 JavaThread "Thread-2" daemon [_thread_in_native, id=6356, stack(0x000000001c1d0000,0x000000001c2d0000)]
  0x000000001933f800 JavaThread "Thread-1" daemon [_thread_blocked, id=5936, stack(0x000000001a0c0000,0x000000001a1c0000)]
=>0x0000000019319800 JavaThread "QuantumRenderer-0" daemon [_thread_in_native, id=5972, stack(0x0000000019610000,0x0000000019710000)]
  0x00000000177fc000 JavaThread "Service Thread" daemon [_thread_blocked, id=3268, stack(0x0000000019410000,0x0000000019510000)]
  0x00000000177b5800 JavaThread "C1 CompilerThread2" daemon [_thread_blocked, id=4040, stack(0x0000000018f10000,0x0000000019010000)]
  0x00000000177a3000 JavaThread "C2 CompilerThread1" daemon [_thread_blocked, id=4760, stack(0x0000000018e10000,0x0000000018f10000)]
  0x000000001779b000 JavaThread "C2 CompilerThread0" daemon [_thread_blocked, id=5020, stack(0x0000000018d10000,0x0000000018e10000)]
  0x0000000017798800 JavaThread "Attach Listener" daemon [_thread_blocked, id=1428, stack(0x0000000018c10000,0x0000000018d10000)]
  0x0000000003051000 JavaThread "Finalizer" daemon [_thread_blocked, id=2672, stack(0x0000000018a10000,0x0000000018b10000)]
  0x0000000003048000 JavaThread "Reference Handler" daemon [_thread_blocked, id=3784, stack(0x0000000018910000,0x0000000018a10000)]

Other Threads:
  0x0000000017766000 VMThread [stack: 0x0000000018810000,0x0000000018910000] [id=1984]

VM state:at safepoint (normal execution)

VM Mutex/Monitor currently owned by a thread:  ([mutex/lock_event])
[0x0000000002dbc550] Threads_lock - owner thread: 0x0000000017766000
[0x0000000002dbbb50] Heap_lock - owner thread: 0x000000001c854800

Heap:
 PSYoungGen      total 35840K, used 12618K [0x00000000d8180000, 0x00000000da980000, 0x0000000100000000)
  eden space 30720K, 27% used [0x00000000d8180000,0x00000000d89b9fe0,0x00000000d9f80000)
  from space 5120K, 81% used [0x00000000d9f80000,0x00000000da398ab0,0x00000000da480000)
  to   space 5120K, 0% used [0x00000000da480000,0x00000000da480000,0x00000000da980000)
 ParOldGen       total 81920K, used 80K [0x0000000088400000, 0x000000008d400000, 0x00000000d8180000)
  object space 81920K, 0% used [0x0000000088400000,0x0000000088414010,0x000000008d400000)
 Metaspace       used 15520K, capacity 16430K, committed 16640K, reserved 1062912K
  class space    used 2364K, capacity 2519K, committed 2560K, reserved 1048576K

Card table byte_map: [0x0000000012420000,0x00000000127e0000] byte_map_base: 0x0000000011fde000

Marking Bits: (ParMarkBitMap*) 0x000000006e88d4f0
 Begin Bits: [0x0000000012e60000, 0x0000000014c50000)
 End Bits:   [0x0000000014c50000, 0x0000000016a40000)

Polling page: 0x0000000001290000

CodeCache: size=245760Kb used=5526Kb max_used=5530Kb free=240233Kb
 bounds [0x0000000003060000, 0x00000000035d0000, 0x0000000012060000]
 total_blobs=2371 nmethods=1743 adapters=541
 compilation: enabled

Compilation events (10 events):
Event: 10.923 Thread 0x00000000177b5800 nmethod 1742 0x00000000035c0f50 code [0x00000000035c1180, 0x00000000035c1eb8]
Event: 10.923 Thread 0x00000000177b5800 1743       3       java.lang.invoke.LambdaForm::access$200 (4 bytes)
Event: 10.923 Thread 0x00000000177b5800 nmethod 1743 0x00000000035bd1d0 code [0x00000000035bd320, 0x00000000035bd450]
Event: 10.923 Thread 0x00000000177b5800 1744       3       java.lang.invoke.LambdaForm$NamedFunction::invoker (28 bytes)
Event: 10.924 Thread 0x00000000177b5800 nmethod 1744 0x00000000035c0790 code [0x00000000035c0920, 0x00000000035c0db8]
Event: 10.924 Thread 0x00000000177b5800 1745       3       java.lang.invoke.LambdaForm$NamedFunction::resolvedHandle (16 bytes)
Event: 10.925 Thread 0x00000000177b5800 nmethod 1745 0x00000000035c6850 code [0x00000000035c6a00, 0x00000000035c7158]
Event: 10.925 Thread 0x00000000177b5800 1746       1       com.sun.glass.ui.InvokeLaterDispatcher::access$000 (5 bytes)
Event: 10.925 Thread 0x00000000177b5800 nmethod 1746 0x00000000035c04d0 code [0x00000000035c0620, 0x00000000035c0710]
Event: 10.933 Thread 0x00000000177a3000 nmethod 1741 0x00000000035c7f50 code [0x00000000035c80c0, 0x00000000035c8458]

GC Heap History (2 events):
Event: 3.408 GC heap before
{Heap before GC invocations=1 (full 0):
 PSYoungGen      total 35840K, used 30720K [0x00000000d8180000, 0x00000000da980000, 0x0000000100000000)
  eden space 30720K, 100% used [0x00000000d8180000,0x00000000d9f80000,0x00000000d9f80000)
  from space 5120K, 0% used [0x00000000da480000,0x00000000da480000,0x00000000da980000)
  to   space 5120K, 0% used [0x00000000d9f80000,0x00000000d9f80000,0x00000000da480000)
 ParOldGen       total 81920K, used 0K [0x0000000088400000, 0x000000008d400000, 0x00000000d8180000)
  object space 81920K, 0% used [0x0000000088400000,0x0000000088400000,0x000000008d400000)
 Metaspace       used 13990K, capacity 14700K, committed 14848K, reserved 1062912K
  class space    used 2146K, capacity 2256K, committed 2304K, reserved 1048576K
Event: 3.424 GC heap after
Heap after GC invocations=1 (full 0):
 PSYoungGen      total 35840K, used 4194K [0x00000000d8180000, 0x00000000da980000, 0x0000000100000000)
  eden space 30720K, 0% used [0x00000000d8180000,0x00000000d8180000,0x00000000d9f80000)
  from space 5120K, 81% used [0x00000000d9f80000,0x00000000da398ab0,0x00000000da480000)
  to   space 5120K, 0% used [0x00000000da480000,0x00000000da480000,0x00000000da980000)
 ParOldGen       total 81920K, used 80K [0x0000000088400000, 0x000000008d400000, 0x00000000d8180000)
  object space 81920K, 0% used [0x0000000088400000,0x0000000088414010,0x000000008d400000)
 Metaspace       used 13990K, capacity 14700K, committed 14848K, reserved 1062912K
  class space    used 2146K, capacity 2256K, committed 2304K, reserved 1048576K
}

Deoptimization events (10 events):
Event: 1.634 Thread 0x0000000019340000 Uncommon trap: reason=unreached action=reinterpret pc=0x00000000032a0414 method=java.util.HashMap.getNode(ILjava/lang/Object;)Ljava/util/HashMap$Node; @ 84
Event: 1.895 Thread 0x0000000019340000 Uncommon trap: reason=unreached action=reinterpret pc=0x00000000032b12d4 method=java.util.HashMap.hash(Ljava/lang/Object;)I @ 1
Event: 2.170 Thread 0x0000000019340000 Uncommon trap: reason=class_check action=maybe_recompile pc=0x00000000032a2cdc method=java.io.DataInputStream.readShort()S @ 4
Event: 2.171 Thread 0x0000000019340000 Uncommon trap: reason=class_check action=maybe_recompile pc=0x00000000032a2cdc method=java.io.DataInputStream.readShort()S @ 4
Event: 2.174 Thread 0x0000000019340000 Uncommon trap: reason=class_check action=maybe_recompile pc=0x00000000032a2cdc method=java.io.DataInputStream.readShort()S @ 4
Event: 2.174 Thread 0x0000000019340000 Uncommon trap: reason=class_check action=maybe_recompile pc=0x00000000032a2cdc method=java.io.DataInputStream.readShort()S @ 4
Event: 2.197 Thread 0x0000000019340000 Uncommon trap: reason=class_check action=maybe_recompile pc=0x0000000003188cb0 method=java.lang.String.equals(Ljava/lang/Object;)Z @ 8
Event: 2.197 Thread 0x0000000019340000 Uncommon trap: reason=class_check action=maybe_recompile pc=0x0000000003188cb0 method=java.lang.String.equals(Ljava/lang/Object;)Z @ 8
Event: 2.197 Thread 0x0000000019340000 Uncommon trap: reason=class_check action=maybe_recompile pc=0x0000000003188cb0 method=java.lang.String.equals(Ljava/lang/Object;)Z @ 8
Event: 2.202 Thread 0x0000000019340000 Uncommon trap: reason=class_check action=maybe_recompile pc=0x0000000003188cb0 method=java.lang.String.equals(Ljava/lang/Object;)Z @ 8

Internal exceptions (10 events):
Event: 3.094 Thread 0x0000000019340000 Exception <a 'java/security/PrivilegedActionException'> (0x00000000d9b825a8) thrown at [C:\workspace\8-2-build-windows-amd64-cygwin\jdk8u31\2394\hotspot\src\share\vm\prims\jvm.cpp, line 1312]
Event: 3.095 Thread 0x0000000019340000 Exception <a 'java/security/PrivilegedActionException'> (0x00000000d9b83340) thrown at [C:\workspace\8-2-build-windows-amd64-cygwin\jdk8u31\2394\hotspot\src\share\vm\prims\jvm.cpp, line 1312]
Event: 3.102 Thread 0x0000000019340000 Exception <a 'java/lang/ArrayIndexOutOfBoundsException'> (0x00000000d9b94b00) thrown at [C:\workspace\8-2-build-windows-amd64-cygwin\jdk8u31\2394\hotspot\src\share\vm\runtime\sharedRuntime.cpp, line 604]
Event: 3.145 Thread 0x0000000019340000 Exception <a 'java/security/PrivilegedActionException'> (0x00000000d9d0b638) thrown at [C:\workspace\8-2-build-windows-amd64-cygwin\jdk8u31\2394\hotspot\src\share\vm\prims\jvm.cpp, line 1312]
Event: 3.145 Thread 0x0000000019340000 Exception <a 'java/security/PrivilegedActionException'> (0x00000000d9d0c3f0) thrown at [C:\workspace\8-2-build-windows-amd64-cygwin\jdk8u31\2394\hotspot\src\share\vm\prims\jvm.cpp, line 1312]
Event: 3.146 Thread 0x0000000019340000 Exception <a 'java/security/PrivilegedActionException'> (0x00000000d9d0c990) thrown at [C:\workspace\8-2-build-windows-amd64-cygwin\jdk8u31\2394\hotspot\src\share\vm\prims\jvm.cpp, line 1312]
Event: 3.146 Thread 0x0000000019340000 Exception <a 'java/security/PrivilegedActionException'> (0x00000000d9d0d618) thrown at [C:\workspace\8-2-build-windows-amd64-cygwin\jdk8u31\2394\hotspot\src\share\vm\prims\jvm.cpp, line 1312]
Event: 3.294 Thread 0x0000000019340000 Exception <a 'java/security/PrivilegedActionException'> (0x00000000d9e9ef00) thrown at [C:\workspace\8-2-build-windows-amd64-cygwin\jdk8u31\2394\hotspot\src\share\vm\prims\jvm.cpp, line 1312]
Event: 3.299 Thread 0x0000000019340000 Exception <a 'java/security/PrivilegedActionException'> (0x00000000d9eb58a0) thrown at [C:\workspace\8-2-build-windows-amd64-cygwin\jdk8u31\2394\hotspot\src\share\vm\prims\jvm.cpp, line 1312]
Event: 3.301 Thread 0x0000000019340000 Exception <a 'java/security/PrivilegedActionException'> (0x00000000d9ecf140) thrown at [C:\workspace\8-2-build-windows-amd64-cygwin\jdk8u31\2394\hotspot\src\share\vm\prims\jvm.cpp, line 1312]

Events (10 events):
Event: 10.931 Thread 0x000000001c854800 Thread added: 0x000000001c854800
Event: 10.933 Thread 0x0000000019340000 Thread exited: 0x0000000019340000
Event: 10.933 loading class java/util/IdentityHashMap$KeySet
Event: 10.934 loading class java/util/IdentityHashMap$KeySet done
Event: 10.934 loading class java/util/IdentityHashMap$KeyIterator
Event: 10.934 loading class java/util/IdentityHashMap$IdentityHashMapIterator
Event: 10.935 loading class java/util/IdentityHashMap$IdentityHashMapIterator done
Event: 10.935 loading class java/util/IdentityHashMap$KeyIterator done
Event: 10.936 Thread 0x0000000017797800 Thread exited: 0x0000000017797800
Event: 10.936 Thread 0x000000001c854800 Thread exited: 0x000000001c854800


Dynamic libraries:
0x00007ff717d40000 - 0x00007ff717d74000 	C:\Program Files\Java\jre1.8.0_31\bin\javaw.exe
0x00007fff099a0000 - 0x00007fff09b5d000 	C:\WINDOWS\SYSTEM32\ntdll.dll
0x00007fff09840000 - 0x00007fff098ef000 	C:\WINDOWS\system32\KERNEL32.DLL
0x00007fff06b70000 - 0x00007fff06d3b000 	C:\WINDOWS\system32\KERNELBASE.dll
0x00007fff095a0000 - 0x00007fff09645000 	C:\WINDOWS\system32\ADVAPI32.dll
0x00007fff09500000 - 0x00007fff0959e000 	C:\WINDOWS\system32\msvcrt.dll
0x00007fff098f0000 - 0x00007fff0994a000 	C:\WINDOWS\system32\sechost.dll
0x00007fff08fb0000 - 0x00007fff090df000 	C:\WINDOWS\system32\RPCRT4.dll
0x00007fff096c0000 - 0x00007fff09833000 	C:\WINDOWS\system32\USER32.dll
0x00007fff09380000 - 0x00007fff094fb000 	C:\WINDOWS\system32\GDI32.dll
0x00007fff04830000 - 0x00007fff04a9d000 	C:\WINDOWS\WinSxS\amd64_microsoft.windows.common-controls_6595b64144ccf1df_6.0.9926.0_none_da567e195e60d6ea\COMCTL32.dll
0x00007fff074d0000 - 0x00007fff07505000 	C:\WINDOWS\system32\IMM32.DLL
0x00007fff07840000 - 0x00007fff07994000 	C:\WINDOWS\system32\MSCTF.dll
0x00007fff075c0000 - 0x00007fff0767e000 	C:\WINDOWS\system32\OLEAUT32.dll
0x00007fff07290000 - 0x00007fff074ce000 	C:\WINDOWS\system32\combase.dll
0x000000006df00000 - 0x000000006dfd2000 	C:\Program Files\Java\jre1.8.0_31\bin\msvcr100.dll
0x000000006e0b0000 - 0x000000006e90a000 	C:\Program Files\Java\jre1.8.0_31\bin\server\jvm.dll
0x00007fff08fa0000 - 0x00007fff08fa7000 	C:\WINDOWS\system32\PSAPI.DLL
0x00007fff04460000 - 0x00007fff04469000 	C:\WINDOWS\SYSTEM32\WSOCK32.dll
0x00007fff076a0000 - 0x00007fff076fa000 	C:\WINDOWS\system32\WS2_32.dll
0x00007fff09650000 - 0x00007fff09658000 	C:\WINDOWS\system32\NSI.dll
0x00007fff04cf0000 - 0x00007fff04d12000 	C:\WINDOWS\SYSTEM32\WINMM.dll
0x00007fff04c60000 - 0x00007fff04c8b000 	C:\WINDOWS\SYSTEM32\WINMMBASE.dll
0x00007fff06d40000 - 0x00007fff06d83000 	C:\WINDOWS\system32\cfgmgr32.dll
0x00007fff053e0000 - 0x00007fff05407000 	C:\WINDOWS\SYSTEM32\DEVOBJ.dll
0x000000006e0a0000 - 0x000000006e0af000 	C:\Program Files\Java\jre1.8.0_31\bin\verify.dll
0x000000006e070000 - 0x000000006e098000 	C:\Program Files\Java\jre1.8.0_31\bin\java.dll
0x000000006e050000 - 0x000000006e066000 	C:\Program Files\Java\jre1.8.0_31\bin\zip.dll
0x00007fff079a0000 - 0x00007fff08f8a000 	C:\WINDOWS\system32\SHELL32.dll
0x00007fff06f70000 - 0x00007fff0701a000 	C:\WINDOWS\system32\SHCORE.dll
0x00007fff09950000 - 0x00007fff099a0000 	C:\WINDOWS\system32\SHLWAPI.dll
0x00007fff06970000 - 0x00007fff06983000 	C:\WINDOWS\SYSTEM32\profapi.dll
0x000000006ded0000 - 0x000000006defc000 	C:\Program Files\Java\jre1.8.0_31\bin\prism_d3d.dll
0x00007ffefd9f0000 - 0x00007ffefdc08000 	C:\WINDOWS\system32\d3d9.dll
0x00007fff04d20000 - 0x00007fff04d42000 	C:\WINDOWS\SYSTEM32\dwmapi.dll
0x00007fff054a0000 - 0x00007fff05560000 	C:\WINDOWS\system32\uxtheme.dll
0x00007ffefacb0000 - 0x00007ffefae08000 	C:\WINDOWS\SYSTEM32\aticfx64.dll
0x00007fff00e20000 - 0x00007fff00e2a000 	C:\WINDOWS\SYSTEM32\VERSION.dll
0x00007fff00440000 - 0x00007fff00461000 	C:\WINDOWS\SYSTEM32\atiu9p64.dll
0x00007ffee0270000 - 0x00007ffee0aaf000 	C:\WINDOWS\SYSTEM32\atiumd64.dll
0x000000006d660000 - 0x000000006dec2000 	C:\WINDOWS\SYSTEM32\atiumd6a.dll
0x00007fff060d0000 - 0x00007fff06114000 	C:\WINDOWS\SYSTEM32\POWRPROF.dll
0x000000006d610000 - 0x000000006d652000 	C:\Program Files\Java\jre1.8.0_31\bin\glass.dll
0x00007fff071d0000 - 0x00007fff0728f000 	C:\WINDOWS\system32\COMDLG32.dll
0x00007fff07700000 - 0x00007fff07836000 	C:\WINDOWS\system32\ole32.dll
0x00007fff056e0000 - 0x00007fff056ec000 	C:\WINDOWS\SYSTEM32\kernel.appcore.dll
0x00007fff068b0000 - 0x00007fff068bb000 	C:\WINDOWS\SYSTEM32\CRYPTBASE.dll
0x00007fff06840000 - 0x00007fff068a4000 	C:\WINDOWS\SYSTEM32\bcryptPrimitives.dll
0x000000006d5f0000 - 0x000000006d605000 	C:\Program Files\Java\jre1.8.0_31\bin\javafx_font.dll
0x00007fff03330000 - 0x00007fff0356e000 	C:\WINDOWS\SYSTEM32\dwrite.dll
0x00007fff07510000 - 0x00007fff075bb000 	C:\WINDOWS\system32\clbcatq.dll
0x00007fff04660000 - 0x00007fff0480f000 	C:\WINDOWS\SYSTEM32\WindowsCodecs.dll
0x00007fff06a40000 - 0x00007fff06a67000 	C:\WINDOWS\system32\bcrypt.dll
0x00007fff06320000 - 0x00007fff06336000 	C:\WINDOWS\system32\CRYPTSP.dll
0x00007fff05f40000 - 0x00007fff05f73000 	C:\WINDOWS\system32\rsaenh.dll
0x000000006d5d0000 - 0x000000006d5e1000 	C:\Program Files\Java\jre1.8.0_31\bin\prism_common.dll
0x00007ffef04f0000 - 0x00007ffef068b000 	C:\WINDOWS\SYSTEM32\dbghelp.dll

VM Arguments:
jvm_args: -Dfile.encoding=Cp1252 
java_command: es.upv.adress.Main
java_class_path (initial): C:\Users\Guillermo\workspace\MiAgenda\bin;C:\Program Files\eclipse\plugins\org.eclipse.fx.ide.css.jfx8_1.1.0.201411050807.jar
Launcher Type: SUN_STANDARD

Environment Variables:
JAVA_HOME=C:\Program Files\Java\jdk1.8.0_31\
PATH=C:/Program Files/Java/jre1.8.0_31/bin/server;C:/Program Files/Java/jre1.8.0_31/bin;C:/Program Files/Java/jre1.8.0_31/lib/amd64;C:\ProgramData\Oracle\Java\javapath;C:\WINDOWS\system32;C:\WINDOWS;C:\WINDOWS\System32\Wbem;C:\WINDOWS\System32\WindowsPowerShell\v1.0\;C:\Program Files (x86)\ATI Technologies\ATI.ACE\Core-Static;C:\Program Files\eclipse;
USERNAME=Guillermo
OS=Windows_NT
PROCESSOR_IDENTIFIER=AMD64 Family 18 Model 1 Stepping 0, AuthenticAMD



---------------  S Y S T E M  ---------------

OS: Windows 8.1 , 64 bit Build 9600 

CPU:total 4 (4 cores per cpu, 1 threads per core) family 18 model 1 stepping 0, cmov, cx8, fxsr, mmx, sse, sse2, sse3, popcnt, mmxext, 3dnowpref, lzcnt, sse4a, tsc, tscinvbit, tscinv

Memory: 4k page, physical 7840620k(5082440k free), swap 9085804k(6019352k free)

vm_info: Java HotSpot(TM) 64-Bit Server VM (25.31-b07) for windows-amd64 JRE (1.8.0_31-b13), built on Dec 17 2014 21:00:28 by "java_re" with MS VC++ 10.0 (VS2010)

time: Fri Feb 20 13:39:46 2015
elapsed time: 11 seconds (0d 0h 0m 11s)

